[debug] [2018-06-23T03:45:37.677Z] ----------------------------------------------------------------------
[debug] [2018-06-23T03:45:37.682Z] Command:       /home/cabox/.nvm/versions/node/v8.4.0/bin/node /home/cabox/.nvm/versions/node/v8.4.0/bin/firebase login
[debug] [2018-06-23T03:45:37.682Z] CLI Version:   3.19.0
[debug] [2018-06-23T03:45:37.682Z] Platform:      linux
[debug] [2018-06-23T03:45:37.683Z] Node Version:  v8.4.0
[debug] [2018-06-23T03:45:37.683Z] Time:          Fri Jun 22 2018 23:45:37 GMT-0400 (EDT)
[debug] [2018-06-23T03:45:37.683Z] ----------------------------------------------------------------------
[debug] 
[info] 
[info] Visit this URL on any device to log in:
[info] https://accounts.google.com/o/oauth2/auth?client_id=563584335869-fgrhgmd47bqnekij5i8b5pr03ho849e6.apps.googleusercontent.com&scope=email%20openid%20https%3A%2F%2Fwww.googleapis.com%2Fauth%2Fcloudplatformprojects.readonly%20https%3A%2F%2Fwww.googleapis.com%2Fauth%2Ffirebase%20https%3A%2F%2Fwww.googleapis.com%2Fauth%2Fcloud-platform&response_type=code&state=704964625&redirect_uri=http%3A%2F%2Flocalhost%3A9005
[info] 
[info] Waiting for authentication...
[debug] [2018-06-23T03:48:14.450Z] ----------------------------------------------------------------------
[debug] [2018-06-23T03:48:14.454Z] Command:       /home/cabox/.nvm/versions/node/v8.4.0/bin/node /home/cabox/.nvm/versions/node/v8.4.0/bin/firebase login
[debug] [2018-06-23T03:48:14.455Z] CLI Version:   3.19.0
[debug] [2018-06-23T03:48:14.455Z] Platform:      linux
[debug] [2018-06-23T03:48:14.455Z] Node Version:  v8.4.0
[debug] [2018-06-23T03:48:14.455Z] Time:          Fri Jun 22 2018 23:48:14 GMT-0400 (EDT)
[debug] [2018-06-23T03:48:14.455Z] ----------------------------------------------------------------------
[debug] 
[info] 
[info] Visit this URL on any device to log in:
[info] https://accounts.google.com/o/oauth2/auth?client_id=563584335869-fgrhgmd47bqnekij5i8b5pr03ho849e6.apps.googleusercontent.com&scope=email%20openid%20https%3A%2F%2Fwww.googleapis.com%2Fauth%2Fcloudplatformprojects.readonly%20https%3A%2F%2Fwww.googleapis.com%2Fauth%2Ffirebase%20https%3A%2F%2Fwww.googleapis.com%2Fauth%2Fcloud-platform&response_type=code&state=832231606&redirect_uri=http%3A%2F%2Flocalhost%3A9005
[info] 
[info] Waiting for authentication...
